<?xml version="1.0" encoding="UTF-8"?>
<!-- Generated by org.testng.reporters.JUnitReportReporter -->
<testsuite skipped="0" hostname="DESKTOP-IQOQ25D" name="plexus.test.PromotionForm" tests="1" failures="0" timestamp="10 Feb 2017 09:25:57 GMT" time="38.577" errors="0">
  <testcase name="TestPromotionForm" time="38.577" classname="plexus.test.PromotionForm"/>
</testsuite> <!-- plexus.test.PromotionForm -->
