<?xml version="1.0" encoding="UTF-8"?>
<!-- Generated by org.testng.reporters.JUnitReportReporter -->
<testsuite skipped="0" hostname="DESKTOP-IQOQ25D" name="plexus.test.PromotionForm" tests="1" failures="0" timestamp="16 Feb 2017 07:18:18 GMT" time="34.343" errors="0">
  <testcase name="TestPromotionForm" time="34.343" classname="plexus.test.PromotionForm"/>
</testsuite> <!-- plexus.test.PromotionForm -->
